  Building 'KMDF Driver1' with toolset 'WindowsKernelModeDriver10.0' and the 'Universal' target platform.
  Stamping x64\Release\KMDFDriver1.inf
  Stamping [Version] section with DriverVer=01/02/2026,23.52.36.743
  main.cpp
  KMDF Driver1.vcxproj -> C:\Users\astharot\Desktop\exploiting\KMDF Driver1\x64\Release\KMDFDriver1.sys
  Done Adding Additional Store
  Successfully signed: C:\Users\astharot\Desktop\exploiting\KMDF Driver1\x64\Release\KMDFDriver1.sys
  
  Driver is 'Universal'.
  ........................
  Signability test complete.
  
  Errors:
  None
  
  Warnings:
  None
  
  Catalog generation complete.
  C:\Users\astharot\Desktop\exploiting\KMDF Driver1\x64\Release\KMDF Driver1\kmdfdriver1.cat
  Set catalog attribute.
  WdkVersion: 10.0.26100.0
  Set catalog attribute.
  WdkAssemblyVersion: 10.0.26100.6584
  Done Adding Additional Store
  Successfully signed: C:\Users\astharot\Desktop\exploiting\KMDF Driver1\x64\Release\KMDF Driver1\kmdfdriver1.cat
  
