c:\users\astharot\desktop\exploiting\driverdevelopment\unprotect\kmdf driver1\x64\debug\vc143.pdb
c:\users\astharot\desktop\exploiting\driverdevelopment\unprotect\kmdf driver1\x64\debug\main.obj
c:\users\astharot\desktop\exploiting\driverdevelopment\unprotect\x64\debug\unprotect.sys
c:\users\astharot\desktop\exploiting\driverdevelopment\unprotect\x64\debug\unprotect.pdb
c:\users\astharot\desktop\exploiting\driverdevelopment\unprotect\kmdf driver1\x64\debug\kmdfdriver1.inf
c:\users\astharot\desktop\exploiting\driverdevelopment\unprotect\x64\debug\unprotect.cer
c:\users\astharot\desktop\exploiting\driverdevelopment\unprotect\kmdf driver1\x64\debug\unprotect.tlog\cl.command.1.tlog
c:\users\astharot\desktop\exploiting\driverdevelopment\unprotect\kmdf driver1\x64\debug\unprotect.tlog\cl.read.1.tlog
c:\users\astharot\desktop\exploiting\driverdevelopment\unprotect\kmdf driver1\x64\debug\unprotect.tlog\cl.write.1.tlog
c:\users\astharot\desktop\exploiting\driverdevelopment\unprotect\kmdf driver1\x64\debug\unprotect.tlog\inf2cat-expand.2940.read.1.tlog
c:\users\astharot\desktop\exploiting\driverdevelopment\unprotect\kmdf driver1\x64\debug\unprotect.tlog\inf2cat-expand.2940.write.1.tlog
c:\users\astharot\desktop\exploiting\driverdevelopment\unprotect\kmdf driver1\x64\debug\unprotect.tlog\inf2cat-expand.read.1.tlog
c:\users\astharot\desktop\exploiting\driverdevelopment\unprotect\kmdf driver1\x64\debug\unprotect.tlog\inf2cat-expand.write.1.tlog
c:\users\astharot\desktop\exploiting\driverdevelopment\unprotect\kmdf driver1\x64\debug\unprotect.tlog\inf2cat.command.1.tlog
c:\users\astharot\desktop\exploiting\driverdevelopment\unprotect\kmdf driver1\x64\debug\unprotect.tlog\inf2cat.read.1.tlog
c:\users\astharot\desktop\exploiting\driverdevelopment\unprotect\kmdf driver1\x64\debug\unprotect.tlog\inf2cat.write.1.tlog
c:\users\astharot\desktop\exploiting\driverdevelopment\unprotect\kmdf driver1\x64\debug\unprotect.tlog\link.command.1.tlog
c:\users\astharot\desktop\exploiting\driverdevelopment\unprotect\kmdf driver1\x64\debug\unprotect.tlog\link.read.1.tlog
c:\users\astharot\desktop\exploiting\driverdevelopment\unprotect\kmdf driver1\x64\debug\unprotect.tlog\link.secondary.1.tlog
c:\users\astharot\desktop\exploiting\driverdevelopment\unprotect\kmdf driver1\x64\debug\unprotect.tlog\link.write.1.tlog
c:\users\astharot\desktop\exploiting\driverdevelopment\unprotect\kmdf driver1\x64\debug\unprotect.tlog\signtool.command.1.tlog
c:\users\astharot\desktop\exploiting\driverdevelopment\unprotect\kmdf driver1\x64\debug\unprotect.tlog\signtool.read.1.tlog
c:\users\astharot\desktop\exploiting\driverdevelopment\unprotect\kmdf driver1\x64\debug\unprotect.tlog\signtool.timestamp.1.tlog
c:\users\astharot\desktop\exploiting\driverdevelopment\unprotect\kmdf driver1\x64\debug\unprotect.tlog\signtool.write.1.tlog
c:\users\astharot\desktop\exploiting\driverdevelopment\unprotect\kmdf driver1\x64\debug\unprotect.tlog\stampinf.command.1.tlog
c:\users\astharot\desktop\exploiting\driverdevelopment\unprotect\kmdf driver1\x64\debug\unprotect.tlog\stampinf.read.1.tlog
c:\users\astharot\desktop\exploiting\driverdevelopment\unprotect\kmdf driver1\x64\debug\unprotect.tlog\stampinf.write.1.tlog
